<?xml version="1.0" encoding="UTF-8"?>
<!-- Generated by org.testng.reporters.JUnitReportReporter -->
<testsuite skipped="0" hostname="Bayrams-MacBook-Pro.local" name="com.mockaroo.Element" tests="1" failures="0" timestamp="26 Jun 2018 23:45:15 GMT" time="3.322" errors="0">
  <testcase name="WebElementExamples" time="3.322" classname="com.mockaroo.Element"/>
</testsuite> <!-- com.mockaroo.Element -->
