<?xml version="1.0" encoding="UTF-8"?>
<!-- Generated by org.testng.reporters.JUnitReportReporter -->
<testsuite skipped="0" hostname="Bayrams-MacBook-Pro.local" name="com.mockaroo.EbayTest" tests="1" failures="0" timestamp="02 Jul 2018 20:52:32 GMT" time="19.710" errors="0">
  <testcase name="dataForEbay" time="19.710" classname="com.mockaroo.EbayTest"/>
</testsuite> <!-- com.mockaroo.EbayTest -->
