<?xml version="1.0" encoding="UTF-8"?>
<!-- Generated by org.testng.reporters.JUnitReportReporter -->
<testsuite skipped="0" hostname="Bayrams-MacBook-Pro.local" name="com.mockaroo.MockarooDataValidation" tests="1" failures="0" timestamp="27 Jun 2018 20:55:04 GMT" time="18.773" errors="0">
  <testcase name="dataValidation" time="18.773" classname="com.mockaroo.MockarooDataValidation"/>
</testsuite> <!-- com.mockaroo.MockarooDataValidation -->
